<?xml version="1.0" encoding="UTF-8"?>
<!-- Generated by org.testng.reporters.JUnitXMLReporter -->
<testsuite hostname="DESKTOP-TUBAGFL" ignored="0" name="login" tests="4" failures="0" timestamp="21 Dec 2022 15:01:11 GMT" time="4.892" errors="0">
  <testcase name="runScenario" time="1.222" classname="io.cucumber.testng.AbstractTestNGCucumberTests"/>
  <testcase name="runScenario" time="1.122" classname="io.cucumber.testng.AbstractTestNGCucumberTests"/>
  <testcase name="runScenario" time="1.136" classname="io.cucumber.testng.AbstractTestNGCucumberTests"/>
  <testcase name="runScenario" time="1.12" classname="io.cucumber.testng.AbstractTestNGCucumberTests"/>
</testsuite> <!-- login -->
