<?xml version="1.0" encoding="UTF-8"?>
<!-- Generated by org.testng.reporters.JUnitXMLReporter -->
<testsuite hostname="DESKTOP-TUBAGFL" ignored="0" name="product" tests="3" failures="0" timestamp="21 Dec 2022 15:01:16 GMT" time="5.205" errors="0">
  <testcase name="valid_search_test" time="2.812" classname="Tests.search_testcases"/>
  <testcase name="valid_product_test" time="0.232" classname="Tests.product_testcases"/>
  <testcase name="valid_cart_test" time="2.159" classname="Tests.cart_testcases"/>
</testsuite> <!-- product -->
